<?xml version="1.0" encoding="UTF-8"?>
<!-- Generated by org.testng.reporters.JUnitReportReporter -->
<testsuite hostname="DESKTOP-HQ3R6OT" failures="0" tests="4" name="Annotation_test5" time="0.040" errors="0" timestamp="2024-11-18T11:09:32 IST" skipped="0">
  <testcase classname="Annotation_test5" name="TestC" time="0.002"/>
  <system-out/>
  <testcase classname="Annotation_test5" name="TestA" time="0.024"/>
  <system-out/>
  <testcase classname="Annotation_test5" name="TestB" time="0.007"/>
  <system-out/>
  <testcase classname="Annotation_test5" name="TestD" time="0.007"/>
  <system-out/>
</testsuite> <!-- Annotation_test5 -->
