<?xml version="1.0" encoding="UTF-8"?>
<!-- Generated by org.testng.reporters.JUnitReportReporter -->
<testsuite hostname="DESKTOP-HQ3R6OT" failures="0" tests="2" name="annotion_test" time="0.045" errors="0" timestamp="2024-11-15T16:27:32 IST" skipped="0">
  <testcase classname="annotion_test" name="Login_test" time="0.029"/>
  <system-out/>
  <testcase classname="annotion_test" name="REg_test" time="0.016"/>
  <system-out/>
</testsuite> <!-- annotion_test -->
