<?xml version="1.0" encoding="UTF-8"?>
<!-- Generated by org.testng.reporters.JUnitReportReporter -->
<testsuite hostname="DESKTOP-HQ3R6OT" failures="0" tests="4" name="annotation_test4" time="0.050" errors="0" timestamp="2024-11-18T10:50:28 IST" skipped="0">
  <testcase classname="annotation_test4" name="TestA" time="0.007"/>
  <system-out/>
  <testcase classname="annotation_test4" name="TestC" time="0.012"/>
  <system-out/>
  <testcase classname="annotation_test4" name="TestB" time="0.026"/>
  <system-out/>
  <testcase classname="annotation_test4" name="TestD" time="0.005"/>
  <system-out/>
</testsuite> <!-- annotation_test4 -->
