<?xml version="1.0" encoding="UTF-8"?>
<!-- Generated by org.testng.reporters.JUnitReportReporter -->
<testsuite hostname="DESKTOP-HQ3R6OT" failures="0" tests="2" name="My_firstTNG_class" time="0.028" errors="0" timestamp="2024-11-15T11:23:07 IST" skipped="0">
  <testcase classname="My_firstTNG_class" name="Login_test" time="0.025"/>
  <system-out/>
  <testcase classname="My_firstTNG_class" name="REg_test" time="0.003"/>
  <system-out/>
</testsuite> <!-- My_firstTNG_class -->
