<?xml version="1.0" encoding="UTF-8"?>
<!-- Generated by org.testng.reporters.JUnitReportReporter -->
<testsuite hostname="DESKTOP-HQ3R6OT" failures="0" tests="3" name="annotion_test3" time="0.041" errors="0" timestamp="2024-11-16T08:26:25 IST" skipped="0">
  <testcase classname="annotion_test3" name="A" time="0.027"/>
  <system-out/>
  <testcase classname="annotion_test3" name="B" time="0.010"/>
  <system-out/>
  <testcase classname="annotion_test3" name="C" time="0.004"/>
  <system-out/>
</testsuite> <!-- annotion_test3 -->
